<?xml version="1.0" encoding="UTF-8"?>
<testng-results skipped="0" failed="0" total="0" passed="0">
  <reporter-output>
  </reporter-output>
  <suite name="com.qedge.AppTest" duration-ms="2" started-at="2015-12-28T10:13:11Z" finished-at="2015-12-28T10:13:11Z">
    <groups>
    </groups>
    <test name="Command line test" duration-ms="2" started-at="2015-12-28T10:13:11Z" finished-at="2015-12-28T10:13:11Z">
    </test> <!-- Command line test -->
  </suite> <!-- com.qedge.AppTest -->
</testng-results>
